<?xml version="1.0" encoding="utf-8"?><testsuites><testsuite name="pytest" errors="0" failures="1" skipped="5" tests="7" time="1.393" timestamp="2025-06-27T15:28:08.999339+02:00" hostname="OLI-OMEN"><testcase classname="bumpversion" name="FLAKE8" time="0.001"><skipped type="pytest.skip" message="file(s) previously passed FLAKE8 checks">/media/olivier/ssd1T/dev/kairntech/pyconverters_mistralocr/.tox/report/lib/python3.8/site-packages/pytest_flake8.py:124: file(s) previously passed FLAKE8 checks</skipped></testcase><testcase classname="src.pyconverters_mistralocr.__init__" name="FLAKE8" time="0.001"><skipped type="pytest.skip" message="file(s) previously passed FLAKE8 checks">/media/olivier/ssd1T/dev/kairntech/pyconverters_mistralocr/.tox/report/lib/python3.8/site-packages/pytest_flake8.py:124: file(s) previously passed FLAKE8 checks</skipped></testcase><testcase classname="src.pyconverters_mistralocr.md_splitter" name="FLAKE8" time="0.142"><failure message="/media/olivier/ssd1T/dev/kairntech/pyconverters_mistralocr/src/pyconverters_mistralocr/md_splitter.py:96:5: E303 too many blank lines (2)&#10;">/media/olivier/ssd1T/dev/kairntech/pyconverters_mistralocr/src/pyconverters_mistralocr/md_splitter.py:96:5: E303 too many blank lines (2)
</failure></testcase><testcase classname="src.pyconverters_mistralocr.mistralocr" name="FLAKE8" time="0.064" /><testcase classname="tests.test_mistralocr" name="FLAKE8" time="0.000"><skipped type="pytest.skip" message="file(s) previously passed FLAKE8 checks">/media/olivier/ssd1T/dev/kairntech/pyconverters_mistralocr/.tox/report/lib/python3.8/site-packages/pytest_flake8.py:124: file(s) previously passed FLAKE8 checks</skipped></testcase><testcase classname="tests.test_mistralocr" name="test_mistralocr_pdf" time="0.000"><skipped type="pytest.skip" message="Not a test">/media/olivier/ssd1T/dev/kairntech/pyconverters_mistralocr/tests/test_mistralocr.py:11: Not a test</skipped></testcase><testcase classname="tests.test_mistralocr" name="test_mistralocr_dir" time="0.000"><skipped type="pytest.skip" message="Not a test">/media/olivier/ssd1T/dev/kairntech/pyconverters_mistralocr/tests/test_mistralocr.py:30: Not a test</skipped></testcase></testsuite></testsuites>